CRITICAL - 2021-01-13 03:25:07 --> Unable to connect to the database.
#0 C:\laragon\www\tubesweblanjut\system\Database\BaseConnection.php(646): CodeIgniter\Database\BaseConnection->initialize()
#1 C:\laragon\www\tubesweblanjut\system\Database\BaseBuilder.php(1860): CodeIgniter\Database\BaseConnection->query('SELECT 1\nFROM `...', Array, false)
#2 C:\laragon\www\tubesweblanjut\system\Validation\Rules.php(240): CodeIgniter\Database\BaseBuilder->get()
#3 C:\laragon\www\tubesweblanjut\system\Validation\Validation.php(325): CodeIgniter\Validation\Rules->is_unique('bulinmcd@gmail....', 'email', Array, NULL)
#4 C:\laragon\www\tubesweblanjut\system\Validation\Validation.php(189): CodeIgniter\Validation\Validation->processRules('email', 'email', 'bulinmcd@gmail....', Array, Array)
#5 C:\laragon\www\tubesweblanjut\system\Controller.php(219): CodeIgniter\Validation\Validation->run()
#6 C:\laragon\www\tubesweblanjut\app\Controllers\Auth.php(81): CodeIgniter\Controller->validate(Array)
#7 C:\laragon\www\tubesweblanjut\system\CodeIgniter.php(918): App\Controllers\Auth->save()
#8 C:\laragon\www\tubesweblanjut\system\CodeIgniter.php(404): CodeIgniter\CodeIgniter->runController(Object(App\Controllers\Auth))
#9 C:\laragon\www\tubesweblanjut\system\CodeIgniter.php(312): CodeIgniter\CodeIgniter->handleRequest(NULL, Object(Config\Cache), false)
#10 C:\laragon\www\tubesweblanjut\public\index.php(45): CodeIgniter\CodeIgniter->run()
#11 C:\laragon\www\tubesweblanjut\system\Commands\Server\rewrite.php(34): require_once('C:\\laragon\\www\\...')
#12 {main}
CRITICAL - 2021-01-13 03:25:26 --> Table 'tubes_lelang.user' doesn't exist
#0 C:\laragon\www\tubesweblanjut\system\Database\MySQLi\Connection.php(331): mysqli->query('SELECT 1\nFROM `...')
#1 C:\laragon\www\tubesweblanjut\system\Database\BaseConnection.php(741): CodeIgniter\Database\MySQLi\Connection->execute('SELECT 1\nFROM `...')
#2 C:\laragon\www\tubesweblanjut\system\Database\BaseConnection.php(669): CodeIgniter\Database\BaseConnection->simpleQuery('SELECT 1\nFROM `...')
#3 C:\laragon\www\tubesweblanjut\system\Database\BaseBuilder.php(1860): CodeIgniter\Database\BaseConnection->query('SELECT 1\nFROM `...', Array, false)
#4 C:\laragon\www\tubesweblanjut\system\Validation\Rules.php(240): CodeIgniter\Database\BaseBuilder->get()
#5 C:\laragon\www\tubesweblanjut\system\Validation\Validation.php(325): CodeIgniter\Validation\Rules->is_unique('bulinmcd@gmail....', 'email', Array, NULL)
#6 C:\laragon\www\tubesweblanjut\system\Validation\Validation.php(189): CodeIgniter\Validation\Validation->processRules('email', 'email', 'bulinmcd@gmail....', Array, Array)
#7 C:\laragon\www\tubesweblanjut\system\Controller.php(219): CodeIgniter\Validation\Validation->run()
#8 C:\laragon\www\tubesweblanjut\app\Controllers\Auth.php(81): CodeIgniter\Controller->validate(Array)
#9 C:\laragon\www\tubesweblanjut\system\CodeIgniter.php(918): App\Controllers\Auth->save()
#10 C:\laragon\www\tubesweblanjut\system\CodeIgniter.php(404): CodeIgniter\CodeIgniter->runController(Object(App\Controllers\Auth))
#11 C:\laragon\www\tubesweblanjut\system\CodeIgniter.php(312): CodeIgniter\CodeIgniter->handleRequest(NULL, Object(Config\Cache), false)
#12 C:\laragon\www\tubesweblanjut\public\index.php(45): CodeIgniter\CodeIgniter->run()
#13 C:\laragon\www\tubesweblanjut\system\Commands\Server\rewrite.php(34): require_once('C:\\laragon\\www\\...')
#14 {main}
CRITICAL - 2021-01-13 03:28:27 --> Table 'tubes_lelang.user' doesn't exist
#0 C:\laragon\www\tubesweblanjut\system\Database\MySQLi\Connection.php(331): mysqli->query('SELECT 1\nFROM `...')
#1 C:\laragon\www\tubesweblanjut\system\Database\BaseConnection.php(741): CodeIgniter\Database\MySQLi\Connection->execute('SELECT 1\nFROM `...')
#2 C:\laragon\www\tubesweblanjut\system\Database\BaseConnection.php(669): CodeIgniter\Database\BaseConnection->simpleQuery('SELECT 1\nFROM `...')
#3 C:\laragon\www\tubesweblanjut\system\Database\BaseBuilder.php(1860): CodeIgniter\Database\BaseConnection->query('SELECT 1\nFROM `...', Array, false)
#4 C:\laragon\www\tubesweblanjut\system\Validation\Rules.php(240): CodeIgniter\Database\BaseBuilder->get()
#5 C:\laragon\www\tubesweblanjut\system\Validation\Validation.php(325): CodeIgniter\Validation\Rules->is_unique('bulinmcd@gmail....', 'email', Array, NULL)
#6 C:\laragon\www\tubesweblanjut\system\Validation\Validation.php(189): CodeIgniter\Validation\Validation->processRules('email', 'email', 'bulinmcd@gmail....', Array, Array)
#7 C:\laragon\www\tubesweblanjut\system\Controller.php(219): CodeIgniter\Validation\Validation->run()
#8 C:\laragon\www\tubesweblanjut\app\Controllers\Auth.php(83): CodeIgniter\Controller->validate(Array)
#9 C:\laragon\www\tubesweblanjut\system\CodeIgniter.php(918): App\Controllers\Auth->save()
#10 C:\laragon\www\tubesweblanjut\system\CodeIgniter.php(404): CodeIgniter\CodeIgniter->runController(Object(App\Controllers\Auth))
#11 C:\laragon\www\tubesweblanjut\system\CodeIgniter.php(312): CodeIgniter\CodeIgniter->handleRequest(NULL, Object(Config\Cache), false)
#12 C:\laragon\www\tubesweblanjut\public\index.php(45): CodeIgniter\CodeIgniter->run()
#13 C:\laragon\www\tubesweblanjut\system\Commands\Server\rewrite.php(34): require_once('C:\\laragon\\www\\...')
#14 {main}
CRITICAL - 2021-01-13 03:28:47 --> Table 'tubes_lelang.user' doesn't exist
#0 C:\laragon\www\tubesweblanjut\system\Database\MySQLi\Connection.php(331): mysqli->query('SELECT 1\nFROM `...')
#1 C:\laragon\www\tubesweblanjut\system\Database\BaseConnection.php(741): CodeIgniter\Database\MySQLi\Connection->execute('SELECT 1\nFROM `...')
#2 C:\laragon\www\tubesweblanjut\system\Database\BaseConnection.php(669): CodeIgniter\Database\BaseConnection->simpleQuery('SELECT 1\nFROM `...')
#3 C:\laragon\www\tubesweblanjut\system\Database\BaseBuilder.php(1860): CodeIgniter\Database\BaseConnection->query('SELECT 1\nFROM `...', Array, false)
#4 C:\laragon\www\tubesweblanjut\system\Validation\Rules.php(240): CodeIgniter\Database\BaseBuilder->get()
#5 C:\laragon\www\tubesweblanjut\system\Validation\Validation.php(325): CodeIgniter\Validation\Rules->is_unique('bulinmcd@gmail....', 'email', Array, NULL)
#6 C:\laragon\www\tubesweblanjut\system\Validation\Validation.php(189): CodeIgniter\Validation\Validation->processRules('email', 'email', 'bulinmcd@gmail....', Array, Array)
#7 C:\laragon\www\tubesweblanjut\system\Controller.php(219): CodeIgniter\Validation\Validation->run()
#8 C:\laragon\www\tubesweblanjut\app\Controllers\Auth.php(83): CodeIgniter\Controller->validate(Array)
#9 C:\laragon\www\tubesweblanjut\system\CodeIgniter.php(918): App\Controllers\Auth->save()
#10 C:\laragon\www\tubesweblanjut\system\CodeIgniter.php(404): CodeIgniter\CodeIgniter->runController(Object(App\Controllers\Auth))
#11 C:\laragon\www\tubesweblanjut\system\CodeIgniter.php(312): CodeIgniter\CodeIgniter->handleRequest(NULL, Object(Config\Cache), false)
#12 C:\laragon\www\tubesweblanjut\public\index.php(45): CodeIgniter\CodeIgniter->run()
#13 C:\laragon\www\tubesweblanjut\system\Commands\Server\rewrite.php(34): require_once('C:\\laragon\\www\\...')
#14 {main}
CRITICAL - 2021-01-13 03:29:08 --> Table 'tubes_lelang.user' doesn't exist
#0 C:\laragon\www\tubesweblanjut\system\Database\MySQLi\Connection.php(331): mysqli->query('SELECT 1\nFROM `...')
#1 C:\laragon\www\tubesweblanjut\system\Database\BaseConnection.php(741): CodeIgniter\Database\MySQLi\Connection->execute('SELECT 1\nFROM `...')
#2 C:\laragon\www\tubesweblanjut\system\Database\BaseConnection.php(669): CodeIgniter\Database\BaseConnection->simpleQuery('SELECT 1\nFROM `...')
#3 C:\laragon\www\tubesweblanjut\system\Database\BaseBuilder.php(1860): CodeIgniter\Database\BaseConnection->query('SELECT 1\nFROM `...', Array, false)
#4 C:\laragon\www\tubesweblanjut\system\Validation\Rules.php(240): CodeIgniter\Database\BaseBuilder->get()
#5 C:\laragon\www\tubesweblanjut\system\Validation\Validation.php(325): CodeIgniter\Validation\Rules->is_unique('bulinmcd@gmail....', 'email', Array, NULL)
#6 C:\laragon\www\tubesweblanjut\system\Validation\Validation.php(189): CodeIgniter\Validation\Validation->processRules('email', 'email', 'bulinmcd@gmail....', Array, Array)
#7 C:\laragon\www\tubesweblanjut\system\Controller.php(219): CodeIgniter\Validation\Validation->run()
#8 C:\laragon\www\tubesweblanjut\app\Controllers\Auth.php(83): CodeIgniter\Controller->validate(Array)
#9 C:\laragon\www\tubesweblanjut\system\CodeIgniter.php(918): App\Controllers\Auth->save()
#10 C:\laragon\www\tubesweblanjut\system\CodeIgniter.php(404): CodeIgniter\CodeIgniter->runController(Object(App\Controllers\Auth))
#11 C:\laragon\www\tubesweblanjut\system\CodeIgniter.php(312): CodeIgniter\CodeIgniter->handleRequest(NULL, Object(Config\Cache), false)
#12 C:\laragon\www\tubesweblanjut\public\index.php(45): CodeIgniter\CodeIgniter->run()
#13 C:\laragon\www\tubesweblanjut\system\Commands\Server\rewrite.php(34): require_once('C:\\laragon\\www\\...')
#14 {main}
CRITICAL - 2021-01-13 04:05:02 --> syntax error, unexpected '}'
#0 C:\laragon\www\tubesweblanjut\system\Autoloader\Autoloader.php(296): CodeIgniter\Autoloader\Autoloader->requireFile('C:\\laragon\\www\\...')
#1 C:\laragon\www\tubesweblanjut\system\Autoloader\Autoloader.php(258): CodeIgniter\Autoloader\Autoloader->loadInNamespace('App\\Filters\\Aut...')
#2 [internal function]: CodeIgniter\Autoloader\Autoloader->loadClass('App\\Filters\\Aut...')
#3 C:\laragon\www\tubesweblanjut\system\Filters\Filters.php(164): spl_autoload_call('App\\Filters\\Aut...')
#4 C:\laragon\www\tubesweblanjut\system\CodeIgniter.php(382): CodeIgniter\Filters\Filters->run('dashboard', 'before')
#5 C:\laragon\www\tubesweblanjut\system\CodeIgniter.php(312): CodeIgniter\CodeIgniter->handleRequest(NULL, Object(Config\Cache), false)
#6 C:\laragon\www\tubesweblanjut\public\index.php(45): CodeIgniter\CodeIgniter->run()
#7 C:\laragon\www\tubesweblanjut\system\Commands\Server\rewrite.php(34): require_once('C:\\laragon\\www\\...')
#8 {main}
CRITICAL - 2021-01-13 05:02:27 --> Undefined index: harga_barang
#0 C:\laragon\www\tubesweblanjut\app\Views\index.php(46): CodeIgniter\Debug\Exceptions->errorHandler(8, 'Undefined index...', 'C:\\laragon\\www\\...', 46, Array)
#1 C:\laragon\www\tubesweblanjut\system\View\View.php(246): include('C:\\laragon\\www\\...')
#2 C:\laragon\www\tubesweblanjut\system\Common.php(1119): CodeIgniter\View\View->render('index', Array, true)
#3 C:\laragon\www\tubesweblanjut\app\Controllers\Home.php(23): view('index', Array)
#4 C:\laragon\www\tubesweblanjut\system\CodeIgniter.php(918): App\Controllers\Home->index()
#5 C:\laragon\www\tubesweblanjut\system\CodeIgniter.php(404): CodeIgniter\CodeIgniter->runController(Object(App\Controllers\Home))
#6 C:\laragon\www\tubesweblanjut\system\CodeIgniter.php(312): CodeIgniter\CodeIgniter->handleRequest(NULL, Object(Config\Cache), false)
#7 C:\laragon\www\tubesweblanjut\public\index.php(45): CodeIgniter\CodeIgniter->run()
#8 C:\laragon\www\tubesweblanjut\system\Commands\Server\rewrite.php(34): require_once('C:\\laragon\\www\\...')
#9 {main}
CRITICAL - 2021-01-13 05:06:05 --> Call to undefined function number_to_currency()
#0 C:\laragon\www\tubesweblanjut\system\View\View.php(246): include()
#1 C:\laragon\www\tubesweblanjut\system\Common.php(1119): CodeIgniter\View\View->render('index', Array, true)
#2 C:\laragon\www\tubesweblanjut\app\Controllers\Home.php(23): view('index', Array)
#3 C:\laragon\www\tubesweblanjut\system\CodeIgniter.php(918): App\Controllers\Home->index()
#4 C:\laragon\www\tubesweblanjut\system\CodeIgniter.php(404): CodeIgniter\CodeIgniter->runController(Object(App\Controllers\Home))
#5 C:\laragon\www\tubesweblanjut\system\CodeIgniter.php(312): CodeIgniter\CodeIgniter->handleRequest(NULL, Object(Config\Cache), false)
#6 C:\laragon\www\tubesweblanjut\public\index.php(45): CodeIgniter\CodeIgniter->run()
#7 C:\laragon\www\tubesweblanjut\system\Commands\Server\rewrite.php(34): require_once('C:\\laragon\\www\\...')
#8 {main}
CRITICAL - 2021-01-13 05:06:06 --> Call to undefined function number_to_currency()
#0 C:\laragon\www\tubesweblanjut\system\View\View.php(246): include()
#1 C:\laragon\www\tubesweblanjut\system\Common.php(1119): CodeIgniter\View\View->render('index', Array, true)
#2 C:\laragon\www\tubesweblanjut\app\Controllers\Home.php(23): view('index', Array)
#3 C:\laragon\www\tubesweblanjut\system\CodeIgniter.php(918): App\Controllers\Home->index()
#4 C:\laragon\www\tubesweblanjut\system\CodeIgniter.php(404): CodeIgniter\CodeIgniter->runController(Object(App\Controllers\Home))
#5 C:\laragon\www\tubesweblanjut\system\CodeIgniter.php(312): CodeIgniter\CodeIgniter->handleRequest(NULL, Object(Config\Cache), false)
#6 C:\laragon\www\tubesweblanjut\public\index.php(45): CodeIgniter\CodeIgniter->run()
#7 C:\laragon\www\tubesweblanjut\system\Commands\Server\rewrite.php(34): require_once('C:\\laragon\\www\\...')
#8 {main}
CRITICAL - 2021-01-13 05:06:34 --> Call to undefined function number_to_currency()
#0 C:\laragon\www\tubesweblanjut\system\View\View.php(246): include()
#1 C:\laragon\www\tubesweblanjut\system\Common.php(1119): CodeIgniter\View\View->render('index', Array, true)
#2 C:\laragon\www\tubesweblanjut\app\Controllers\Home.php(23): view('index', Array)
#3 C:\laragon\www\tubesweblanjut\system\CodeIgniter.php(918): App\Controllers\Home->index()
#4 C:\laragon\www\tubesweblanjut\system\CodeIgniter.php(404): CodeIgniter\CodeIgniter->runController(Object(App\Controllers\Home))
#5 C:\laragon\www\tubesweblanjut\system\CodeIgniter.php(312): CodeIgniter\CodeIgniter->handleRequest(NULL, Object(Config\Cache), false)
#6 C:\laragon\www\tubesweblanjut\public\index.php(45): CodeIgniter\CodeIgniter->run()
#7 C:\laragon\www\tubesweblanjut\system\Commands\Server\rewrite.php(34): require_once('C:\\laragon\\www\\...')
#8 {main}
CRITICAL - 2021-01-13 22:45:22 --> Invalid file: index.php
#0 C:\laragon\www\tubesweblanjut\system\View\View.php(228): CodeIgniter\Exceptions\FrameworkException::forInvalidFile('index.php')
#1 C:\laragon\www\tubesweblanjut\system\Common.php(1119): CodeIgniter\View\View->render('index', Array, true)
#2 C:\laragon\www\tubesweblanjut\app\Controllers\Home.php(24): view('index', Array)
#3 C:\laragon\www\tubesweblanjut\system\CodeIgniter.php(918): App\Controllers\Home->index()
#4 C:\laragon\www\tubesweblanjut\system\CodeIgniter.php(404): CodeIgniter\CodeIgniter->runController(Object(App\Controllers\Home))
#5 C:\laragon\www\tubesweblanjut\system\CodeIgniter.php(312): CodeIgniter\CodeIgniter->handleRequest(NULL, Object(Config\Cache), false)
#6 C:\laragon\www\tubesweblanjut\public\index.php(45): CodeIgniter\CodeIgniter->run()
#7 C:\laragon\www\tubesweblanjut\system\Commands\Server\rewrite.php(34): require_once('C:\\laragon\\www\\...')
#8 {main}
CRITICAL - 2021-01-13 22:56:02 --> Undefined variable: title
#0 C:\laragon\www\tubesweblanjut\app\Views\layout\header.php(9): CodeIgniter\Debug\Exceptions->errorHandler(8, 'Undefined varia...', 'C:\\laragon\\www\\...', 9, Array)
#1 C:\laragon\www\tubesweblanjut\system\View\View.php(246): include('C:\\laragon\\www\\...')
#2 C:\laragon\www\tubesweblanjut\system\View\View.php(525): CodeIgniter\View\View->render('layout/header', NULL, true)
#3 C:\laragon\www\tubesweblanjut\app\Views\layout\page_layout.php(2): CodeIgniter\View\View->include('layout/header')
#4 C:\laragon\www\tubesweblanjut\system\View\View.php(246): include('C:\\laragon\\www\\...')
#5 C:\laragon\www\tubesweblanjut\system\View\View.php(257): CodeIgniter\View\View->render('layout/page_lay...', Array, true)
#6 C:\laragon\www\tubesweblanjut\system\Common.php(1119): CodeIgniter\View\View->render('dashboard', Array, true)
#7 C:\laragon\www\tubesweblanjut\app\Controllers\Auth.php(12): view('dashboard')
#8 C:\laragon\www\tubesweblanjut\system\CodeIgniter.php(918): App\Controllers\Auth->index()
#9 C:\laragon\www\tubesweblanjut\system\CodeIgniter.php(404): CodeIgniter\CodeIgniter->runController(Object(App\Controllers\Auth))
#10 C:\laragon\www\tubesweblanjut\system\CodeIgniter.php(312): CodeIgniter\CodeIgniter->handleRequest(NULL, Object(Config\Cache), false)
#11 C:\laragon\www\tubesweblanjut\public\index.php(45): CodeIgniter\CodeIgniter->run()
#12 C:\laragon\www\tubesweblanjut\system\Commands\Server\rewrite.php(34): require_once('C:\\laragon\\www\\...')
#13 {main}
CRITICAL - 2021-01-13 22:56:50 --> Undefined variable: title
#0 C:\laragon\www\tubesweblanjut\app\Views\layout\header.php(9): CodeIgniter\Debug\Exceptions->errorHandler(8, 'Undefined varia...', 'C:\\laragon\\www\\...', 9, Array)
#1 C:\laragon\www\tubesweblanjut\system\View\View.php(246): include('C:\\laragon\\www\\...')
#2 C:\laragon\www\tubesweblanjut\system\View\View.php(525): CodeIgniter\View\View->render('layout/header', NULL, true)
#3 C:\laragon\www\tubesweblanjut\app\Views\layout\page_layout.php(2): CodeIgniter\View\View->include('layout/header')
#4 C:\laragon\www\tubesweblanjut\system\View\View.php(246): include('C:\\laragon\\www\\...')
#5 C:\laragon\www\tubesweblanjut\system\View\View.php(257): CodeIgniter\View\View->render('layout/page_lay...', Array, true)
#6 C:\laragon\www\tubesweblanjut\system\Common.php(1119): CodeIgniter\View\View->render('dashboard', Array, true)
#7 C:\laragon\www\tubesweblanjut\app\Controllers\Auth.php(12): view('dashboard')
#8 C:\laragon\www\tubesweblanjut\system\CodeIgniter.php(918): App\Controllers\Auth->index()
#9 C:\laragon\www\tubesweblanjut\system\CodeIgniter.php(404): CodeIgniter\CodeIgniter->runController(Object(App\Controllers\Auth))
#10 C:\laragon\www\tubesweblanjut\system\CodeIgniter.php(312): CodeIgniter\CodeIgniter->handleRequest(NULL, Object(Config\Cache), false)
#11 C:\laragon\www\tubesweblanjut\public\index.php(45): CodeIgniter\CodeIgniter->run()
#12 C:\laragon\www\tubesweblanjut\system\Commands\Server\rewrite.php(34): require_once('C:\\laragon\\www\\...')
#13 {main}
CRITICAL - 2021-01-13 22:59:47 --> Invalid file: auth/register.php
#0 C:\laragon\www\tubesweblanjut\system\View\View.php(228): CodeIgniter\Exceptions\FrameworkException::forInvalidFile('auth/register.p...')
#1 C:\laragon\www\tubesweblanjut\system\Common.php(1119): CodeIgniter\View\View->render('auth/register', Array, true)
#2 C:\laragon\www\tubesweblanjut\app\Controllers\Auth.php(74): view('auth/register', Array)
#3 C:\laragon\www\tubesweblanjut\system\CodeIgniter.php(918): App\Controllers\Auth->register()
#4 C:\laragon\www\tubesweblanjut\system\CodeIgniter.php(404): CodeIgniter\CodeIgniter->runController(Object(App\Controllers\Auth))
#5 C:\laragon\www\tubesweblanjut\system\CodeIgniter.php(312): CodeIgniter\CodeIgniter->handleRequest(NULL, Object(Config\Cache), false)
#6 C:\laragon\www\tubesweblanjut\public\index.php(45): CodeIgniter\CodeIgniter->run()
#7 C:\laragon\www\tubesweblanjut\system\Commands\Server\rewrite.php(34): require_once('C:\\laragon\\www\\...')
#8 {main}
CRITICAL - 2021-01-13 23:00:08 --> Invalid file: auth/register.php
#0 C:\laragon\www\tubesweblanjut\system\View\View.php(228): CodeIgniter\Exceptions\FrameworkException::forInvalidFile('auth/register.p...')
#1 C:\laragon\www\tubesweblanjut\system\Common.php(1119): CodeIgniter\View\View->render('auth/register', Array, true)
#2 C:\laragon\www\tubesweblanjut\app\Controllers\Auth.php(74): view('auth/register', Array)
#3 C:\laragon\www\tubesweblanjut\system\CodeIgniter.php(918): App\Controllers\Auth->register()
#4 C:\laragon\www\tubesweblanjut\system\CodeIgniter.php(404): CodeIgniter\CodeIgniter->runController(Object(App\Controllers\Auth))
#5 C:\laragon\www\tubesweblanjut\system\CodeIgniter.php(312): CodeIgniter\CodeIgniter->handleRequest(NULL, Object(Config\Cache), false)
#6 C:\laragon\www\tubesweblanjut\public\index.php(45): CodeIgniter\CodeIgniter->run()
#7 C:\laragon\www\tubesweblanjut\system\Commands\Server\rewrite.php(34): require_once('C:\\laragon\\www\\...')
#8 {main}
CRITICAL - 2021-01-13 23:12:45 --> Undefined variable: baranf
#0 C:\laragon\www\tubesweblanjut\app\Views\index.php(38): CodeIgniter\Debug\Exceptions->errorHandler(8, 'Undefined varia...', 'C:\\laragon\\www\\...', 38, Array)
#1 C:\laragon\www\tubesweblanjut\system\View\View.php(246): include('C:\\laragon\\www\\...')
#2 C:\laragon\www\tubesweblanjut\system\Common.php(1119): CodeIgniter\View\View->render('index', Array, true)
#3 C:\laragon\www\tubesweblanjut\app\Controllers\Web.php(24): view('index', Array)
#4 C:\laragon\www\tubesweblanjut\system\CodeIgniter.php(918): App\Controllers\web->index()
#5 C:\laragon\www\tubesweblanjut\system\CodeIgniter.php(404): CodeIgniter\CodeIgniter->runController(Object(App\Controllers\web))
#6 C:\laragon\www\tubesweblanjut\system\CodeIgniter.php(312): CodeIgniter\CodeIgniter->handleRequest(NULL, Object(Config\Cache), false)
#7 C:\laragon\www\tubesweblanjut\public\index.php(45): CodeIgniter\CodeIgniter->run()
#8 C:\laragon\www\tubesweblanjut\system\Commands\Server\rewrite.php(34): require_once('C:\\laragon\\www\\...')
#9 {main}
CRITICAL - 2021-01-13 23:14:09 --> Call to undefined function number_of_currency()
#0 C:\laragon\www\tubesweblanjut\system\View\View.php(246): include()
#1 C:\laragon\www\tubesweblanjut\system\Common.php(1119): CodeIgniter\View\View->render('index', Array, true)
#2 C:\laragon\www\tubesweblanjut\app\Controllers\Web.php(24): view('index', Array)
#3 C:\laragon\www\tubesweblanjut\system\CodeIgniter.php(918): App\Controllers\web->index()
#4 C:\laragon\www\tubesweblanjut\system\CodeIgniter.php(404): CodeIgniter\CodeIgniter->runController(Object(App\Controllers\web))
#5 C:\laragon\www\tubesweblanjut\system\CodeIgniter.php(312): CodeIgniter\CodeIgniter->handleRequest(NULL, Object(Config\Cache), false)
#6 C:\laragon\www\tubesweblanjut\public\index.php(45): CodeIgniter\CodeIgniter->run()
#7 C:\laragon\www\tubesweblanjut\system\Commands\Server\rewrite.php(34): require_once('C:\\laragon\\www\\...')
#8 {main}
CRITICAL - 2021-01-13 23:14:48 --> Argument 1 passed to number_to_currency() must be of the type float, string given, called in C:\laragon\www\tubesweblanjut\app\Views\index.php on line 46
#0 C:\laragon\www\tubesweblanjut\app\Views\index.php(46): number_to_currency('Kompor Listrik', 'IDR')
#1 C:\laragon\www\tubesweblanjut\system\View\View.php(246): include('C:\\laragon\\www\\...')
#2 C:\laragon\www\tubesweblanjut\system\Common.php(1119): CodeIgniter\View\View->render('index', Array, true)
#3 C:\laragon\www\tubesweblanjut\app\Controllers\Web.php(24): view('index', Array)
#4 C:\laragon\www\tubesweblanjut\system\CodeIgniter.php(918): App\Controllers\web->index()
#5 C:\laragon\www\tubesweblanjut\system\CodeIgniter.php(404): CodeIgniter\CodeIgniter->runController(Object(App\Controllers\web))
#6 C:\laragon\www\tubesweblanjut\system\CodeIgniter.php(312): CodeIgniter\CodeIgniter->handleRequest(NULL, Object(Config\Cache), false)
#7 C:\laragon\www\tubesweblanjut\public\index.php(45): CodeIgniter\CodeIgniter->run()
#8 C:\laragon\www\tubesweblanjut\system\Commands\Server\rewrite.php(34): require_once('C:\\laragon\\www\\...')
#9 {main}
CRITICAL - 2021-01-13 23:15:17 --> Undefined index: harga_barang
#0 C:\laragon\www\tubesweblanjut\app\Views\index.php(46): CodeIgniter\Debug\Exceptions->errorHandler(8, 'Undefined index...', 'C:\\laragon\\www\\...', 46, Array)
#1 C:\laragon\www\tubesweblanjut\system\View\View.php(246): include('C:\\laragon\\www\\...')
#2 C:\laragon\www\tubesweblanjut\system\Common.php(1119): CodeIgniter\View\View->render('index', Array, true)
#3 C:\laragon\www\tubesweblanjut\app\Controllers\Web.php(24): view('index', Array)
#4 C:\laragon\www\tubesweblanjut\system\CodeIgniter.php(918): App\Controllers\web->index()
#5 C:\laragon\www\tubesweblanjut\system\CodeIgniter.php(404): CodeIgniter\CodeIgniter->runController(Object(App\Controllers\web))
#6 C:\laragon\www\tubesweblanjut\system\CodeIgniter.php(312): CodeIgniter\CodeIgniter->handleRequest(NULL, Object(Config\Cache), false)
#7 C:\laragon\www\tubesweblanjut\public\index.php(45): CodeIgniter\CodeIgniter->run()
#8 C:\laragon\www\tubesweblanjut\system\Commands\Server\rewrite.php(34): require_once('C:\\laragon\\www\\...')
#9 {main}
CRITICAL - 2021-01-13 23:15:18 --> Undefined index: harga_barang
#0 C:\laragon\www\tubesweblanjut\app\Views\index.php(46): CodeIgniter\Debug\Exceptions->errorHandler(8, 'Undefined index...', 'C:\\laragon\\www\\...', 46, Array)
#1 C:\laragon\www\tubesweblanjut\system\View\View.php(246): include('C:\\laragon\\www\\...')
#2 C:\laragon\www\tubesweblanjut\system\Common.php(1119): CodeIgniter\View\View->render('index', Array, true)
#3 C:\laragon\www\tubesweblanjut\app\Controllers\Web.php(24): view('index', Array)
#4 C:\laragon\www\tubesweblanjut\system\CodeIgniter.php(918): App\Controllers\web->index()
#5 C:\laragon\www\tubesweblanjut\system\CodeIgniter.php(404): CodeIgniter\CodeIgniter->runController(Object(App\Controllers\web))
#6 C:\laragon\www\tubesweblanjut\system\CodeIgniter.php(312): CodeIgniter\CodeIgniter->handleRequest(NULL, Object(Config\Cache), false)
#7 C:\laragon\www\tubesweblanjut\public\index.php(45): CodeIgniter\CodeIgniter->run()
#8 C:\laragon\www\tubesweblanjut\system\Commands\Server\rewrite.php(34): require_once('C:\\laragon\\www\\...')
#9 {main}
