CRITICAL - 2020-12-12 13:26:53 --> Invalid file: layout/heade_login.php
#0 D:\Program Files\xampp\htdocs\E-Auction\system\View\View.php(228): CodeIgniter\Exceptions\FrameworkException::forInvalidFile('layout/heade_lo...')
#1 D:\Program Files\xampp\htdocs\E-Auction\system\View\View.php(525): CodeIgniter\View\View->render('layout/heade_lo...', NULL, true)
#2 D:\Program Files\xampp\htdocs\E-Auction\app\Views\layout\page_login.php(1): CodeIgniter\View\View->include('layout/heade_lo...')
#3 D:\Program Files\xampp\htdocs\E-Auction\system\View\View.php(246): include('D:\\Program File...')
#4 D:\Program Files\xampp\htdocs\E-Auction\system\View\View.php(257): CodeIgniter\View\View->render('layout/page_log...', Array, true)
#5 D:\Program Files\xampp\htdocs\E-Auction\system\Common.php(1119): CodeIgniter\View\View->render('login', Array, true)
#6 D:\Program Files\xampp\htdocs\E-Auction\app\Controllers\Home.php(13): view('login')
#7 D:\Program Files\xampp\htdocs\E-Auction\system\CodeIgniter.php(918): App\Controllers\Home->login()
#8 D:\Program Files\xampp\htdocs\E-Auction\system\CodeIgniter.php(404): CodeIgniter\CodeIgniter->runController(Object(App\Controllers\Home))
#9 D:\Program Files\xampp\htdocs\E-Auction\system\CodeIgniter.php(312): CodeIgniter\CodeIgniter->handleRequest(NULL, Object(Config\Cache), false)
#10 D:\Program Files\xampp\htdocs\E-Auction\public\index.php(45): CodeIgniter\CodeIgniter->run()
#11 D:\Program Files\xampp\htdocs\E-Auction\system\Commands\Server\rewrite.php(34): require_once('D:\\Program File...')
#12 {main}
CRITICAL - 2020-12-12 13:27:38 --> Invalid file: layout/heade_login.php
#0 D:\Program Files\xampp\htdocs\E-Auction\system\View\View.php(228): CodeIgniter\Exceptions\FrameworkException::forInvalidFile('layout/heade_lo...')
#1 D:\Program Files\xampp\htdocs\E-Auction\system\View\View.php(525): CodeIgniter\View\View->render('layout/heade_lo...', NULL, true)
#2 D:\Program Files\xampp\htdocs\E-Auction\app\Views\layout\page_login.php(1): CodeIgniter\View\View->include('layout/heade_lo...')
#3 D:\Program Files\xampp\htdocs\E-Auction\system\View\View.php(246): include('D:\\Program File...')
#4 D:\Program Files\xampp\htdocs\E-Auction\system\View\View.php(257): CodeIgniter\View\View->render('layout/page_log...', Array, true)
#5 D:\Program Files\xampp\htdocs\E-Auction\system\Common.php(1119): CodeIgniter\View\View->render('login', Array, true)
#6 D:\Program Files\xampp\htdocs\E-Auction\app\Controllers\Home.php(13): view('login')
#7 D:\Program Files\xampp\htdocs\E-Auction\system\CodeIgniter.php(918): App\Controllers\Home->login()
#8 D:\Program Files\xampp\htdocs\E-Auction\system\CodeIgniter.php(404): CodeIgniter\CodeIgniter->runController(Object(App\Controllers\Home))
#9 D:\Program Files\xampp\htdocs\E-Auction\system\CodeIgniter.php(312): CodeIgniter\CodeIgniter->handleRequest(NULL, Object(Config\Cache), false)
#10 D:\Program Files\xampp\htdocs\E-Auction\public\index.php(45): CodeIgniter\CodeIgniter->run()
#11 D:\Program Files\xampp\htdocs\E-Auction\system\Commands\Server\rewrite.php(34): require_once('D:\\Program File...')
#12 {main}
CRITICAL - 2020-12-12 13:28:28 --> Invalid file: layout/heade_login.php
#0 D:\Program Files\xampp\htdocs\E-Auction\system\View\View.php(228): CodeIgniter\Exceptions\FrameworkException::forInvalidFile('layout/heade_lo...')
#1 D:\Program Files\xampp\htdocs\E-Auction\system\View\View.php(525): CodeIgniter\View\View->render('layout/heade_lo...', NULL, true)
#2 D:\Program Files\xampp\htdocs\E-Auction\app\Views\layout\page_login.php(1): CodeIgniter\View\View->include('layout/heade_lo...')
#3 D:\Program Files\xampp\htdocs\E-Auction\system\View\View.php(246): include('D:\\Program File...')
#4 D:\Program Files\xampp\htdocs\E-Auction\system\View\View.php(257): CodeIgniter\View\View->render('layout/page_log...', Array, true)
#5 D:\Program Files\xampp\htdocs\E-Auction\system\Common.php(1119): CodeIgniter\View\View->render('login', Array, true)
#6 D:\Program Files\xampp\htdocs\E-Auction\app\Controllers\Home.php(13): view('login')
#7 D:\Program Files\xampp\htdocs\E-Auction\system\CodeIgniter.php(918): App\Controllers\Home->login()
#8 D:\Program Files\xampp\htdocs\E-Auction\system\CodeIgniter.php(404): CodeIgniter\CodeIgniter->runController(Object(App\Controllers\Home))
#9 D:\Program Files\xampp\htdocs\E-Auction\system\CodeIgniter.php(312): CodeIgniter\CodeIgniter->handleRequest(NULL, Object(Config\Cache), false)
#10 D:\Program Files\xampp\htdocs\E-Auction\public\index.php(45): CodeIgniter\CodeIgniter->run()
#11 D:\Program Files\xampp\htdocs\E-Auction\system\Commands\Server\rewrite.php(34): require_once('D:\\Program File...')
#12 {main}
