CRITICAL - 2021-01-01 07:45:25 --> Invalid file: layout/navbar.php
#0 D:\Program Files\xampp\htdocs\E-Auction\system\View\View.php(228): CodeIgniter\Exceptions\FrameworkException::forInvalidFile('layout/navbar.p...')
#1 D:\Program Files\xampp\htdocs\E-Auction\system\View\View.php(525): CodeIgniter\View\View->render('layout/navbar', NULL, true)
#2 D:\Program Files\xampp\htdocs\E-Auction\app\Views\lelang\page_layout.php(2): CodeIgniter\View\View->include('layout/navbar')
#3 D:\Program Files\xampp\htdocs\E-Auction\system\View\View.php(246): include('D:\\Program File...')
#4 D:\Program Files\xampp\htdocs\E-Auction\system\View\View.php(257): CodeIgniter\View\View->render('lelang/page_lay...', Array, true)
#5 D:\Program Files\xampp\htdocs\E-Auction\system\Common.php(1119): CodeIgniter\View\View->render('index', Array, true)
#6 D:\Program Files\xampp\htdocs\E-Auction\app\Controllers\Home.php(9): view('index')
#7 D:\Program Files\xampp\htdocs\E-Auction\system\CodeIgniter.php(918): App\Controllers\Home->index()
#8 D:\Program Files\xampp\htdocs\E-Auction\system\CodeIgniter.php(404): CodeIgniter\CodeIgniter->runController(Object(App\Controllers\Home))
#9 D:\Program Files\xampp\htdocs\E-Auction\system\CodeIgniter.php(312): CodeIgniter\CodeIgniter->handleRequest(NULL, Object(Config\Cache), false)
#10 D:\Program Files\xampp\htdocs\E-Auction\public\index.php(45): CodeIgniter\CodeIgniter->run()
#11 D:\Program Files\xampp\htdocs\E-Auction\system\Commands\Server\rewrite.php(34): require_once('D:\\Program File...')
#12 {main}
CRITICAL - 2021-01-01 07:47:53 --> Invalid file: layout/navbar.php
#0 D:\Program Files\xampp\htdocs\E-Auction\system\View\View.php(228): CodeIgniter\Exceptions\FrameworkException::forInvalidFile('layout/navbar.p...')
#1 D:\Program Files\xampp\htdocs\E-Auction\system\View\View.php(525): CodeIgniter\View\View->render('layout/navbar', NULL, true)
#2 D:\Program Files\xampp\htdocs\E-Auction\app\Views\lelang\page_layout.php(2): CodeIgniter\View\View->include('layout/navbar')
#3 D:\Program Files\xampp\htdocs\E-Auction\system\View\View.php(246): include('D:\\Program File...')
#4 D:\Program Files\xampp\htdocs\E-Auction\system\View\View.php(257): CodeIgniter\View\View->render('lelang/page_lay...', Array, true)
#5 D:\Program Files\xampp\htdocs\E-Auction\system\Common.php(1119): CodeIgniter\View\View->render('index', Array, true)
#6 D:\Program Files\xampp\htdocs\E-Auction\app\Controllers\Home.php(9): view('index')
#7 D:\Program Files\xampp\htdocs\E-Auction\system\CodeIgniter.php(918): App\Controllers\Home->index()
#8 D:\Program Files\xampp\htdocs\E-Auction\system\CodeIgniter.php(404): CodeIgniter\CodeIgniter->runController(Object(App\Controllers\Home))
#9 D:\Program Files\xampp\htdocs\E-Auction\system\CodeIgniter.php(312): CodeIgniter\CodeIgniter->handleRequest(NULL, Object(Config\Cache), false)
#10 D:\Program Files\xampp\htdocs\E-Auction\public\index.php(45): CodeIgniter\CodeIgniter->run()
#11 D:\Program Files\xampp\htdocs\E-Auction\system\Commands\Server\rewrite.php(34): require_once('D:\\Program File...')
#12 {main}
CRITICAL - 2021-01-01 07:47:54 --> Invalid file: layout/navbar.php
#0 D:\Program Files\xampp\htdocs\E-Auction\system\View\View.php(228): CodeIgniter\Exceptions\FrameworkException::forInvalidFile('layout/navbar.p...')
#1 D:\Program Files\xampp\htdocs\E-Auction\system\View\View.php(525): CodeIgniter\View\View->render('layout/navbar', NULL, true)
#2 D:\Program Files\xampp\htdocs\E-Auction\app\Views\lelang\page_layout.php(2): CodeIgniter\View\View->include('layout/navbar')
#3 D:\Program Files\xampp\htdocs\E-Auction\system\View\View.php(246): include('D:\\Program File...')
#4 D:\Program Files\xampp\htdocs\E-Auction\system\View\View.php(257): CodeIgniter\View\View->render('lelang/page_lay...', Array, true)
#5 D:\Program Files\xampp\htdocs\E-Auction\system\Common.php(1119): CodeIgniter\View\View->render('index', Array, true)
#6 D:\Program Files\xampp\htdocs\E-Auction\app\Controllers\Home.php(9): view('index')
#7 D:\Program Files\xampp\htdocs\E-Auction\system\CodeIgniter.php(918): App\Controllers\Home->index()
#8 D:\Program Files\xampp\htdocs\E-Auction\system\CodeIgniter.php(404): CodeIgniter\CodeIgniter->runController(Object(App\Controllers\Home))
#9 D:\Program Files\xampp\htdocs\E-Auction\system\CodeIgniter.php(312): CodeIgniter\CodeIgniter->handleRequest(NULL, Object(Config\Cache), false)
#10 D:\Program Files\xampp\htdocs\E-Auction\public\index.php(45): CodeIgniter\CodeIgniter->run()
#11 D:\Program Files\xampp\htdocs\E-Auction\system\Commands\Server\rewrite.php(34): require_once('D:\\Program File...')
#12 {main}
CRITICAL - 2021-01-01 07:47:56 --> Invalid file: layout/navbar.php
#0 D:\Program Files\xampp\htdocs\E-Auction\system\View\View.php(228): CodeIgniter\Exceptions\FrameworkException::forInvalidFile('layout/navbar.p...')
#1 D:\Program Files\xampp\htdocs\E-Auction\system\View\View.php(525): CodeIgniter\View\View->render('layout/navbar', NULL, true)
#2 D:\Program Files\xampp\htdocs\E-Auction\app\Views\lelang\page_layout.php(2): CodeIgniter\View\View->include('layout/navbar')
#3 D:\Program Files\xampp\htdocs\E-Auction\system\View\View.php(246): include('D:\\Program File...')
#4 D:\Program Files\xampp\htdocs\E-Auction\system\View\View.php(257): CodeIgniter\View\View->render('lelang/page_lay...', Array, true)
#5 D:\Program Files\xampp\htdocs\E-Auction\system\Common.php(1119): CodeIgniter\View\View->render('index', Array, true)
#6 D:\Program Files\xampp\htdocs\E-Auction\app\Controllers\Home.php(9): view('index')
#7 D:\Program Files\xampp\htdocs\E-Auction\system\CodeIgniter.php(918): App\Controllers\Home->index()
#8 D:\Program Files\xampp\htdocs\E-Auction\system\CodeIgniter.php(404): CodeIgniter\CodeIgniter->runController(Object(App\Controllers\Home))
#9 D:\Program Files\xampp\htdocs\E-Auction\system\CodeIgniter.php(312): CodeIgniter\CodeIgniter->handleRequest(NULL, Object(Config\Cache), false)
#10 D:\Program Files\xampp\htdocs\E-Auction\public\index.php(45): CodeIgniter\CodeIgniter->run()
#11 D:\Program Files\xampp\htdocs\E-Auction\system\Commands\Server\rewrite.php(34): require_once('D:\\Program File...')
#12 {main}
CRITICAL - 2021-01-01 07:47:57 --> Invalid file: layout/navbar.php
#0 D:\Program Files\xampp\htdocs\E-Auction\system\View\View.php(228): CodeIgniter\Exceptions\FrameworkException::forInvalidFile('layout/navbar.p...')
#1 D:\Program Files\xampp\htdocs\E-Auction\system\View\View.php(525): CodeIgniter\View\View->render('layout/navbar', NULL, true)
#2 D:\Program Files\xampp\htdocs\E-Auction\app\Views\lelang\page_layout.php(2): CodeIgniter\View\View->include('layout/navbar')
#3 D:\Program Files\xampp\htdocs\E-Auction\system\View\View.php(246): include('D:\\Program File...')
#4 D:\Program Files\xampp\htdocs\E-Auction\system\View\View.php(257): CodeIgniter\View\View->render('lelang/page_lay...', Array, true)
#5 D:\Program Files\xampp\htdocs\E-Auction\system\Common.php(1119): CodeIgniter\View\View->render('index', Array, true)
#6 D:\Program Files\xampp\htdocs\E-Auction\app\Controllers\Home.php(9): view('index')
#7 D:\Program Files\xampp\htdocs\E-Auction\system\CodeIgniter.php(918): App\Controllers\Home->index()
#8 D:\Program Files\xampp\htdocs\E-Auction\system\CodeIgniter.php(404): CodeIgniter\CodeIgniter->runController(Object(App\Controllers\Home))
#9 D:\Program Files\xampp\htdocs\E-Auction\system\CodeIgniter.php(312): CodeIgniter\CodeIgniter->handleRequest(NULL, Object(Config\Cache), false)
#10 D:\Program Files\xampp\htdocs\E-Auction\public\index.php(45): CodeIgniter\CodeIgniter->run()
#11 D:\Program Files\xampp\htdocs\E-Auction\system\Commands\Server\rewrite.php(34): require_once('D:\\Program File...')
#12 {main}
CRITICAL - 2021-01-01 07:47:57 --> Invalid file: layout/navbar.php
#0 D:\Program Files\xampp\htdocs\E-Auction\system\View\View.php(228): CodeIgniter\Exceptions\FrameworkException::forInvalidFile('layout/navbar.p...')
#1 D:\Program Files\xampp\htdocs\E-Auction\system\View\View.php(525): CodeIgniter\View\View->render('layout/navbar', NULL, true)
#2 D:\Program Files\xampp\htdocs\E-Auction\app\Views\lelang\page_layout.php(2): CodeIgniter\View\View->include('layout/navbar')
#3 D:\Program Files\xampp\htdocs\E-Auction\system\View\View.php(246): include('D:\\Program File...')
#4 D:\Program Files\xampp\htdocs\E-Auction\system\View\View.php(257): CodeIgniter\View\View->render('lelang/page_lay...', Array, true)
#5 D:\Program Files\xampp\htdocs\E-Auction\system\Common.php(1119): CodeIgniter\View\View->render('index', Array, true)
#6 D:\Program Files\xampp\htdocs\E-Auction\app\Controllers\Home.php(9): view('index')
#7 D:\Program Files\xampp\htdocs\E-Auction\system\CodeIgniter.php(918): App\Controllers\Home->index()
#8 D:\Program Files\xampp\htdocs\E-Auction\system\CodeIgniter.php(404): CodeIgniter\CodeIgniter->runController(Object(App\Controllers\Home))
#9 D:\Program Files\xampp\htdocs\E-Auction\system\CodeIgniter.php(312): CodeIgniter\CodeIgniter->handleRequest(NULL, Object(Config\Cache), false)
#10 D:\Program Files\xampp\htdocs\E-Auction\public\index.php(45): CodeIgniter\CodeIgniter->run()
#11 D:\Program Files\xampp\htdocs\E-Auction\system\Commands\Server\rewrite.php(34): require_once('D:\\Program File...')
#12 {main}
CRITICAL - 2021-01-01 07:47:58 --> Invalid file: layout/navbar.php
#0 D:\Program Files\xampp\htdocs\E-Auction\system\View\View.php(228): CodeIgniter\Exceptions\FrameworkException::forInvalidFile('layout/navbar.p...')
#1 D:\Program Files\xampp\htdocs\E-Auction\system\View\View.php(525): CodeIgniter\View\View->render('layout/navbar', NULL, true)
#2 D:\Program Files\xampp\htdocs\E-Auction\app\Views\lelang\page_layout.php(2): CodeIgniter\View\View->include('layout/navbar')
#3 D:\Program Files\xampp\htdocs\E-Auction\system\View\View.php(246): include('D:\\Program File...')
#4 D:\Program Files\xampp\htdocs\E-Auction\system\View\View.php(257): CodeIgniter\View\View->render('lelang/page_lay...', Array, true)
#5 D:\Program Files\xampp\htdocs\E-Auction\system\Common.php(1119): CodeIgniter\View\View->render('index', Array, true)
#6 D:\Program Files\xampp\htdocs\E-Auction\app\Controllers\Home.php(9): view('index')
#7 D:\Program Files\xampp\htdocs\E-Auction\system\CodeIgniter.php(918): App\Controllers\Home->index()
#8 D:\Program Files\xampp\htdocs\E-Auction\system\CodeIgniter.php(404): CodeIgniter\CodeIgniter->runController(Object(App\Controllers\Home))
#9 D:\Program Files\xampp\htdocs\E-Auction\system\CodeIgniter.php(312): CodeIgniter\CodeIgniter->handleRequest(NULL, Object(Config\Cache), false)
#10 D:\Program Files\xampp\htdocs\E-Auction\public\index.php(45): CodeIgniter\CodeIgniter->run()
#11 D:\Program Files\xampp\htdocs\E-Auction\system\Commands\Server\rewrite.php(34): require_once('D:\\Program File...')
#12 {main}
CRITICAL - 2021-01-01 07:47:59 --> Invalid file: layout/navbar.php
#0 D:\Program Files\xampp\htdocs\E-Auction\system\View\View.php(228): CodeIgniter\Exceptions\FrameworkException::forInvalidFile('layout/navbar.p...')
#1 D:\Program Files\xampp\htdocs\E-Auction\system\View\View.php(525): CodeIgniter\View\View->render('layout/navbar', NULL, true)
#2 D:\Program Files\xampp\htdocs\E-Auction\app\Views\lelang\page_layout.php(2): CodeIgniter\View\View->include('layout/navbar')
#3 D:\Program Files\xampp\htdocs\E-Auction\system\View\View.php(246): include('D:\\Program File...')
#4 D:\Program Files\xampp\htdocs\E-Auction\system\View\View.php(257): CodeIgniter\View\View->render('lelang/page_lay...', Array, true)
#5 D:\Program Files\xampp\htdocs\E-Auction\system\Common.php(1119): CodeIgniter\View\View->render('index', Array, true)
#6 D:\Program Files\xampp\htdocs\E-Auction\app\Controllers\Home.php(9): view('index')
#7 D:\Program Files\xampp\htdocs\E-Auction\system\CodeIgniter.php(918): App\Controllers\Home->index()
#8 D:\Program Files\xampp\htdocs\E-Auction\system\CodeIgniter.php(404): CodeIgniter\CodeIgniter->runController(Object(App\Controllers\Home))
#9 D:\Program Files\xampp\htdocs\E-Auction\system\CodeIgniter.php(312): CodeIgniter\CodeIgniter->handleRequest(NULL, Object(Config\Cache), false)
#10 D:\Program Files\xampp\htdocs\E-Auction\public\index.php(45): CodeIgniter\CodeIgniter->run()
#11 D:\Program Files\xampp\htdocs\E-Auction\system\Commands\Server\rewrite.php(34): require_once('D:\\Program File...')
#12 {main}
CRITICAL - 2021-01-01 07:47:59 --> Invalid file: layout/navbar.php
#0 D:\Program Files\xampp\htdocs\E-Auction\system\View\View.php(228): CodeIgniter\Exceptions\FrameworkException::forInvalidFile('layout/navbar.p...')
#1 D:\Program Files\xampp\htdocs\E-Auction\system\View\View.php(525): CodeIgniter\View\View->render('layout/navbar', NULL, true)
#2 D:\Program Files\xampp\htdocs\E-Auction\app\Views\lelang\page_layout.php(2): CodeIgniter\View\View->include('layout/navbar')
#3 D:\Program Files\xampp\htdocs\E-Auction\system\View\View.php(246): include('D:\\Program File...')
#4 D:\Program Files\xampp\htdocs\E-Auction\system\View\View.php(257): CodeIgniter\View\View->render('lelang/page_lay...', Array, true)
#5 D:\Program Files\xampp\htdocs\E-Auction\system\Common.php(1119): CodeIgniter\View\View->render('index', Array, true)
#6 D:\Program Files\xampp\htdocs\E-Auction\app\Controllers\Home.php(9): view('index')
#7 D:\Program Files\xampp\htdocs\E-Auction\system\CodeIgniter.php(918): App\Controllers\Home->index()
#8 D:\Program Files\xampp\htdocs\E-Auction\system\CodeIgniter.php(404): CodeIgniter\CodeIgniter->runController(Object(App\Controllers\Home))
#9 D:\Program Files\xampp\htdocs\E-Auction\system\CodeIgniter.php(312): CodeIgniter\CodeIgniter->handleRequest(NULL, Object(Config\Cache), false)
#10 D:\Program Files\xampp\htdocs\E-Auction\public\index.php(45): CodeIgniter\CodeIgniter->run()
#11 D:\Program Files\xampp\htdocs\E-Auction\system\Commands\Server\rewrite.php(34): require_once('D:\\Program File...')
#12 {main}
CRITICAL - 2021-01-01 07:47:59 --> Invalid file: layout/navbar.php
#0 D:\Program Files\xampp\htdocs\E-Auction\system\View\View.php(228): CodeIgniter\Exceptions\FrameworkException::forInvalidFile('layout/navbar.p...')
#1 D:\Program Files\xampp\htdocs\E-Auction\system\View\View.php(525): CodeIgniter\View\View->render('layout/navbar', NULL, true)
#2 D:\Program Files\xampp\htdocs\E-Auction\app\Views\lelang\page_layout.php(2): CodeIgniter\View\View->include('layout/navbar')
#3 D:\Program Files\xampp\htdocs\E-Auction\system\View\View.php(246): include('D:\\Program File...')
#4 D:\Program Files\xampp\htdocs\E-Auction\system\View\View.php(257): CodeIgniter\View\View->render('lelang/page_lay...', Array, true)
#5 D:\Program Files\xampp\htdocs\E-Auction\system\Common.php(1119): CodeIgniter\View\View->render('index', Array, true)
#6 D:\Program Files\xampp\htdocs\E-Auction\app\Controllers\Home.php(9): view('index')
#7 D:\Program Files\xampp\htdocs\E-Auction\system\CodeIgniter.php(918): App\Controllers\Home->index()
#8 D:\Program Files\xampp\htdocs\E-Auction\system\CodeIgniter.php(404): CodeIgniter\CodeIgniter->runController(Object(App\Controllers\Home))
#9 D:\Program Files\xampp\htdocs\E-Auction\system\CodeIgniter.php(312): CodeIgniter\CodeIgniter->handleRequest(NULL, Object(Config\Cache), false)
#10 D:\Program Files\xampp\htdocs\E-Auction\public\index.php(45): CodeIgniter\CodeIgniter->run()
#11 D:\Program Files\xampp\htdocs\E-Auction\system\Commands\Server\rewrite.php(34): require_once('D:\\Program File...')
#12 {main}
CRITICAL - 2021-01-01 07:48:00 --> Invalid file: layout/navbar.php
#0 D:\Program Files\xampp\htdocs\E-Auction\system\View\View.php(228): CodeIgniter\Exceptions\FrameworkException::forInvalidFile('layout/navbar.p...')
#1 D:\Program Files\xampp\htdocs\E-Auction\system\View\View.php(525): CodeIgniter\View\View->render('layout/navbar', NULL, true)
#2 D:\Program Files\xampp\htdocs\E-Auction\app\Views\lelang\page_layout.php(2): CodeIgniter\View\View->include('layout/navbar')
#3 D:\Program Files\xampp\htdocs\E-Auction\system\View\View.php(246): include('D:\\Program File...')
#4 D:\Program Files\xampp\htdocs\E-Auction\system\View\View.php(257): CodeIgniter\View\View->render('lelang/page_lay...', Array, true)
#5 D:\Program Files\xampp\htdocs\E-Auction\system\Common.php(1119): CodeIgniter\View\View->render('index', Array, true)
#6 D:\Program Files\xampp\htdocs\E-Auction\app\Controllers\Home.php(9): view('index')
#7 D:\Program Files\xampp\htdocs\E-Auction\system\CodeIgniter.php(918): App\Controllers\Home->index()
#8 D:\Program Files\xampp\htdocs\E-Auction\system\CodeIgniter.php(404): CodeIgniter\CodeIgniter->runController(Object(App\Controllers\Home))
#9 D:\Program Files\xampp\htdocs\E-Auction\system\CodeIgniter.php(312): CodeIgniter\CodeIgniter->handleRequest(NULL, Object(Config\Cache), false)
#10 D:\Program Files\xampp\htdocs\E-Auction\public\index.php(45): CodeIgniter\CodeIgniter->run()
#11 D:\Program Files\xampp\htdocs\E-Auction\system\Commands\Server\rewrite.php(34): require_once('D:\\Program File...')
#12 {main}
CRITICAL - 2021-01-01 07:48:00 --> Invalid file: layout/navbar.php
#0 D:\Program Files\xampp\htdocs\E-Auction\system\View\View.php(228): CodeIgniter\Exceptions\FrameworkException::forInvalidFile('layout/navbar.p...')
#1 D:\Program Files\xampp\htdocs\E-Auction\system\View\View.php(525): CodeIgniter\View\View->render('layout/navbar', NULL, true)
#2 D:\Program Files\xampp\htdocs\E-Auction\app\Views\lelang\page_layout.php(2): CodeIgniter\View\View->include('layout/navbar')
#3 D:\Program Files\xampp\htdocs\E-Auction\system\View\View.php(246): include('D:\\Program File...')
#4 D:\Program Files\xampp\htdocs\E-Auction\system\View\View.php(257): CodeIgniter\View\View->render('lelang/page_lay...', Array, true)
#5 D:\Program Files\xampp\htdocs\E-Auction\system\Common.php(1119): CodeIgniter\View\View->render('index', Array, true)
#6 D:\Program Files\xampp\htdocs\E-Auction\app\Controllers\Home.php(9): view('index')
#7 D:\Program Files\xampp\htdocs\E-Auction\system\CodeIgniter.php(918): App\Controllers\Home->index()
#8 D:\Program Files\xampp\htdocs\E-Auction\system\CodeIgniter.php(404): CodeIgniter\CodeIgniter->runController(Object(App\Controllers\Home))
#9 D:\Program Files\xampp\htdocs\E-Auction\system\CodeIgniter.php(312): CodeIgniter\CodeIgniter->handleRequest(NULL, Object(Config\Cache), false)
#10 D:\Program Files\xampp\htdocs\E-Auction\public\index.php(45): CodeIgniter\CodeIgniter->run()
#11 D:\Program Files\xampp\htdocs\E-Auction\system\Commands\Server\rewrite.php(34): require_once('D:\\Program File...')
#12 {main}
CRITICAL - 2021-01-01 07:48:00 --> Invalid file: layout/navbar.php
#0 D:\Program Files\xampp\htdocs\E-Auction\system\View\View.php(228): CodeIgniter\Exceptions\FrameworkException::forInvalidFile('layout/navbar.p...')
#1 D:\Program Files\xampp\htdocs\E-Auction\system\View\View.php(525): CodeIgniter\View\View->render('layout/navbar', NULL, true)
#2 D:\Program Files\xampp\htdocs\E-Auction\app\Views\lelang\page_layout.php(2): CodeIgniter\View\View->include('layout/navbar')
#3 D:\Program Files\xampp\htdocs\E-Auction\system\View\View.php(246): include('D:\\Program File...')
#4 D:\Program Files\xampp\htdocs\E-Auction\system\View\View.php(257): CodeIgniter\View\View->render('lelang/page_lay...', Array, true)
#5 D:\Program Files\xampp\htdocs\E-Auction\system\Common.php(1119): CodeIgniter\View\View->render('index', Array, true)
#6 D:\Program Files\xampp\htdocs\E-Auction\app\Controllers\Home.php(9): view('index')
#7 D:\Program Files\xampp\htdocs\E-Auction\system\CodeIgniter.php(918): App\Controllers\Home->index()
#8 D:\Program Files\xampp\htdocs\E-Auction\system\CodeIgniter.php(404): CodeIgniter\CodeIgniter->runController(Object(App\Controllers\Home))
#9 D:\Program Files\xampp\htdocs\E-Auction\system\CodeIgniter.php(312): CodeIgniter\CodeIgniter->handleRequest(NULL, Object(Config\Cache), false)
#10 D:\Program Files\xampp\htdocs\E-Auction\public\index.php(45): CodeIgniter\CodeIgniter->run()
#11 D:\Program Files\xampp\htdocs\E-Auction\system\Commands\Server\rewrite.php(34): require_once('D:\\Program File...')
#12 {main}
